<?xml version="1.0" encoding="UTF-8"?>
<testsuite xmlns:xsi="http://www.w3.org/2001/XMLSchema-instance" xsi:noNamespaceSchemaLocation="https://maven.apache.org/surefire/maven-surefire-plugin/xsd/surefire-test-report.xsd" name="com.example.springbootapirest.SpringBootApirestApplicationTests" time="3.289" tests="1" errors="0" skipped="0" failures="0">
  <properties>
    <property name="awt.toolkit" value="sun.awt.X11.XToolkit"/>
    <property name="java.specification.version" value="11"/>
    <property name="sun.cpu.isalist" value=""/>
    <property name="sun.jnu.encoding" value="UTF-8"/>
    <property name="java.class.path" value="/media/basis/D/Projetos/Spring-boot-APIREST/target/test-classes:/media/basis/D/Projetos/Spring-boot-APIREST/target/classes:/root/repositorio-maven-conf/org/springframework/boot/spring-boot-starter-data-jpa/2.2.1.RELEASE/spring-boot-starter-data-jpa-2.2.1.RELEASE.jar:/root/repositorio-maven-conf/org/springframework/boot/spring-boot-starter-aop/2.2.1.RELEASE/spring-boot-starter-aop-2.2.1.RELEASE.jar:/root/repositorio-maven-conf/org/springframework/spring-aop/5.2.1.RELEASE/spring-aop-5.2.1.RELEASE.jar:/root/repositorio-maven-conf/org/aspectj/aspectjweaver/1.9.4/aspectjweaver-1.9.4.jar:/root/repositorio-maven-conf/org/springframework/boot/spring-boot-starter-jdbc/2.2.1.RELEASE/spring-boot-starter-jdbc-2.2.1.RELEASE.jar:/root/repositorio-maven-conf/com/zaxxer/HikariCP/3.4.1/HikariCP-3.4.1.jar:/root/repositorio-maven-conf/org/springframework/spring-jdbc/5.2.1.RELEASE/spring-jdbc-5.2.1.RELEASE.jar:/root/repositorio-maven-conf/jakarta/activation/jakarta.activation-api/1.2.1/jakarta.activation-api-1.2.1.jar:/root/repositorio-maven-conf/jakarta/persistence/jakarta.persistence-api/2.2.3/jakarta.persistence-api-2.2.3.jar:/root/repositorio-maven-conf/jakarta/transaction/jakarta.transaction-api/1.3.3/jakarta.transaction-api-1.3.3.jar:/root/repositorio-maven-conf/org/hibernate/hibernate-core/5.4.8.Final/hibernate-core-5.4.8.Final.jar:/root/repositorio-maven-conf/org/jboss/logging/jboss-logging/3.4.1.Final/jboss-logging-3.4.1.Final.jar:/root/repositorio-maven-conf/org/javassist/javassist/3.24.0-GA/javassist-3.24.0-GA.jar:/root/repositorio-maven-conf/net/bytebuddy/byte-buddy/1.10.2/byte-buddy-1.10.2.jar:/root/repositorio-maven-conf/antlr/antlr/2.7.7/antlr-2.7.7.jar:/root/repositorio-maven-conf/org/jboss/jandex/2.0.5.Final/jandex-2.0.5.Final.jar:/root/repositorio-maven-conf/com/fasterxml/classmate/1.5.1/classmate-1.5.1.jar:/root/repositorio-maven-conf/org/dom4j/dom4j/2.1.1/dom4j-2.1.1.jar:/root/repositorio-maven-conf/org/hibernate/common/hibernate-commons-annotations/5.1.0.Final/hibernate-commons-annotations-5.1.0.Final.jar:/root/repositorio-maven-conf/org/glassfish/jaxb/jaxb-runtime/2.3.2/jaxb-runtime-2.3.2.jar:/root/repositorio-maven-conf/org/glassfish/jaxb/txw2/2.3.2/txw2-2.3.2.jar:/root/repositorio-maven-conf/com/sun/istack/istack-commons-runtime/3.0.8/istack-commons-runtime-3.0.8.jar:/root/repositorio-maven-conf/org/jvnet/staxex/stax-ex/1.8.1/stax-ex-1.8.1.jar:/root/repositorio-maven-conf/com/sun/xml/fastinfoset/FastInfoset/1.2.16/FastInfoset-1.2.16.jar:/root/repositorio-maven-conf/org/springframework/data/spring-data-jpa/2.2.1.RELEASE/spring-data-jpa-2.2.1.RELEASE.jar:/root/repositorio-maven-conf/org/springframework/data/spring-data-commons/2.2.1.RELEASE/spring-data-commons-2.2.1.RELEASE.jar:/root/repositorio-maven-conf/org/springframework/spring-orm/5.2.1.RELEASE/spring-orm-5.2.1.RELEASE.jar:/root/repositorio-maven-conf/org/springframework/spring-context/5.2.1.RELEASE/spring-context-5.2.1.RELEASE.jar:/root/repositorio-maven-conf/org/springframework/spring-tx/5.2.1.RELEASE/spring-tx-5.2.1.RELEASE.jar:/root/repositorio-maven-conf/org/springframework/spring-beans/5.2.1.RELEASE/spring-beans-5.2.1.RELEASE.jar:/root/repositorio-maven-conf/org/slf4j/slf4j-api/1.7.29/slf4j-api-1.7.29.jar:/root/repositorio-maven-conf/org/springframework/spring-aspects/5.2.1.RELEASE/spring-aspects-5.2.1.RELEASE.jar:/root/repositorio-maven-conf/org/springframework/boot/spring-boot-starter-jersey/2.2.1.RELEASE/spring-boot-starter-jersey-2.2.1.RELEASE.jar:/root/repositorio-maven-conf/org/springframework/boot/spring-boot-starter-json/2.2.1.RELEASE/spring-boot-starter-json-2.2.1.RELEASE.jar:/root/repositorio-maven-conf/com/fasterxml/jackson/core/jackson-databind/2.10.0/jackson-databind-2.10.0.jar:/root/repositorio-maven-conf/com/fasterxml/jackson/core/jackson-core/2.10.0/jackson-core-2.10.0.jar:/root/repositorio-maven-conf/com/fasterxml/jackson/datatype/jackson-datatype-jdk8/2.10.0/jackson-datatype-jdk8-2.10.0.jar:/root/repositorio-maven-conf/com/fasterxml/jackson/datatype/jackson-datatype-jsr310/2.10.0/jackson-datatype-jsr310-2.10.0.jar:/root/repositorio-maven-conf/com/fasterxml/jackson/module/jackson-module-parameter-names/2.10.0/jackson-module-parameter-names-2.10.0.jar:/root/repositorio-maven-conf/org/springframework/boot/spring-boot-starter-tomcat/2.2.1.RELEASE/spring-boot-starter-tomcat-2.2.1.RELEASE.jar:/root/repositorio-maven-conf/org/apache/tomcat/embed/tomcat-embed-core/9.0.27/tomcat-embed-core-9.0.27.jar:/root/repositorio-maven-conf/org/apache/tomcat/embed/tomcat-embed-el/9.0.27/tomcat-embed-el-9.0.27.jar:/root/repositorio-maven-conf/org/apache/tomcat/embed/tomcat-embed-websocket/9.0.27/tomcat-embed-websocket-9.0.27.jar:/root/repositorio-maven-conf/org/springframework/boot/spring-boot-starter-validation/2.2.1.RELEASE/spring-boot-starter-validation-2.2.1.RELEASE.jar:/root/repositorio-maven-conf/jakarta/validation/jakarta.validation-api/2.0.1/jakarta.validation-api-2.0.1.jar:/root/repositorio-maven-conf/org/hibernate/validator/hibernate-validator/6.0.18.Final/hibernate-validator-6.0.18.Final.jar:/root/repositorio-maven-conf/jakarta/annotation/jakarta.annotation-api/1.3.5/jakarta.annotation-api-1.3.5.jar:/root/repositorio-maven-conf/jakarta/ws/rs/jakarta.ws.rs-api/2.1.6/jakarta.ws.rs-api-2.1.6.jar:/root/repositorio-maven-conf/org/springframework/spring-web/5.2.1.RELEASE/spring-web-5.2.1.RELEASE.jar:/root/repositorio-maven-conf/org/glassfish/jersey/core/jersey-server/2.29.1/jersey-server-2.29.1.jar:/root/repositorio-maven-conf/org/glassfish/jersey/core/jersey-common/2.29.1/jersey-common-2.29.1.jar:/root/repositorio-maven-conf/org/glassfish/hk2/osgi-resource-locator/1.0.3/osgi-resource-locator-1.0.3.jar:/root/repositorio-maven-conf/com/sun/activation/jakarta.activation/1.2.1/jakarta.activation-1.2.1.jar:/root/repositorio-maven-conf/org/glassfish/jersey/core/jersey-client/2.29.1/jersey-client-2.29.1.jar:/root/repositorio-maven-conf/org/glassfish/jersey/media/jersey-media-jaxb/2.29.1/jersey-media-jaxb-2.29.1.jar:/root/repositorio-maven-conf/org/glassfish/hk2/external/jakarta.inject/2.6.1/jakarta.inject-2.6.1.jar:/root/repositorio-maven-conf/org/glassfish/jersey/containers/jersey-container-servlet-core/2.29.1/jersey-container-servlet-core-2.29.1.jar:/root/repositorio-maven-conf/org/glassfish/jersey/containers/jersey-container-servlet/2.29.1/jersey-container-servlet-2.29.1.jar:/root/repositorio-maven-conf/org/glassfish/jersey/ext/jersey-bean-validation/2.29.1/jersey-bean-validation-2.29.1.jar:/root/repositorio-maven-conf/org/glassfish/jersey/ext/jersey-spring5/2.29.1/jersey-spring5-2.29.1.jar:/root/repositorio-maven-conf/org/glassfish/jersey/inject/jersey-hk2/2.29.1/jersey-hk2-2.29.1.jar:/root/repositorio-maven-conf/org/glassfish/hk2/hk2-locator/2.6.1/hk2-locator-2.6.1.jar:/root/repositorio-maven-conf/org/glassfish/hk2/external/aopalliance-repackaged/2.6.1/aopalliance-repackaged-2.6.1.jar:/root/repositorio-maven-conf/org/glassfish/hk2/hk2/2.6.1/hk2-2.6.1.jar:/root/repositorio-maven-conf/org/glassfish/hk2/hk2-utils/2.6.1/hk2-utils-2.6.1.jar:/root/repositorio-maven-conf/org/glassfish/hk2/hk2-api/2.6.1/hk2-api-2.6.1.jar:/root/repositorio-maven-conf/org/glassfish/hk2/hk2-core/2.6.1/hk2-core-2.6.1.jar:/root/repositorio-maven-conf/org/glassfish/hk2/hk2-runlevel/2.6.1/hk2-runlevel-2.6.1.jar:/root/repositorio-maven-conf/org/glassfish/hk2/class-model/2.6.1/class-model-2.6.1.jar:/root/repositorio-maven-conf/org/ow2/asm/asm/7.1/asm-7.1.jar:/root/repositorio-maven-conf/org/ow2/asm/asm-analysis/7.1/asm-analysis-7.1.jar:/root/repositorio-maven-conf/org/ow2/asm/asm-commons/7.1/asm-commons-7.1.jar:/root/repositorio-maven-conf/org/ow2/asm/asm-tree/7.1/asm-tree-7.1.jar:/root/repositorio-maven-conf/org/ow2/asm/asm-util/7.1/asm-util-7.1.jar:/root/repositorio-maven-conf/org/glassfish/hk2/spring-bridge/2.6.1/spring-bridge-2.6.1.jar:/root/repositorio-maven-conf/org/glassfish/jersey/media/jersey-media-json-jackson/2.29.1/jersey-media-json-jackson-2.29.1.jar:/root/repositorio-maven-conf/org/glassfish/jersey/ext/jersey-entity-filtering/2.29.1/jersey-entity-filtering-2.29.1.jar:/root/repositorio-maven-conf/com/fasterxml/jackson/core/jackson-annotations/2.10.0/jackson-annotations-2.10.0.jar:/root/repositorio-maven-conf/com/fasterxml/jackson/module/jackson-module-jaxb-annotations/2.10.0/jackson-module-jaxb-annotations-2.10.0.jar:/root/repositorio-maven-conf/jakarta/xml/bind/jakarta.xml.bind-api/2.3.2/jakarta.xml.bind-api-2.3.2.jar:/root/repositorio-maven-conf/org/springframework/boot/spring-boot-starter-web/2.2.1.RELEASE/spring-boot-starter-web-2.2.1.RELEASE.jar:/root/repositorio-maven-conf/org/springframework/boot/spring-boot-starter/2.2.1.RELEASE/spring-boot-starter-2.2.1.RELEASE.jar:/root/repositorio-maven-conf/org/springframework/boot/spring-boot/2.2.1.RELEASE/spring-boot-2.2.1.RELEASE.jar:/root/repositorio-maven-conf/org/springframework/boot/spring-boot-autoconfigure/2.2.1.RELEASE/spring-boot-autoconfigure-2.2.1.RELEASE.jar:/root/repositorio-maven-conf/org/springframework/boot/spring-boot-starter-logging/2.2.1.RELEASE/spring-boot-starter-logging-2.2.1.RELEASE.jar:/root/repositorio-maven-conf/ch/qos/logback/logback-classic/1.2.3/logback-classic-1.2.3.jar:/root/repositorio-maven-conf/ch/qos/logback/logback-core/1.2.3/logback-core-1.2.3.jar:/root/repositorio-maven-conf/org/apache/logging/log4j/log4j-to-slf4j/2.12.1/log4j-to-slf4j-2.12.1.jar:/root/repositorio-maven-conf/org/apache/logging/log4j/log4j-api/2.12.1/log4j-api-2.12.1.jar:/root/repositorio-maven-conf/org/slf4j/jul-to-slf4j/1.7.29/jul-to-slf4j-1.7.29.jar:/root/repositorio-maven-conf/org/yaml/snakeyaml/1.25/snakeyaml-1.25.jar:/root/repositorio-maven-conf/org/springframework/spring-webmvc/5.2.1.RELEASE/spring-webmvc-5.2.1.RELEASE.jar:/root/repositorio-maven-conf/org/springframework/spring-expression/5.2.1.RELEASE/spring-expression-5.2.1.RELEASE.jar:/root/repositorio-maven-conf/mysql/mysql-connector-java/8.0.18/mysql-connector-java-8.0.18.jar:/root/repositorio-maven-conf/org/springframework/boot/spring-boot-starter-test/2.2.1.RELEASE/spring-boot-starter-test-2.2.1.RELEASE.jar:/root/repositorio-maven-conf/org/springframework/boot/spring-boot-test/2.2.1.RELEASE/spring-boot-test-2.2.1.RELEASE.jar:/root/repositorio-maven-conf/org/springframework/boot/spring-boot-test-autoconfigure/2.2.1.RELEASE/spring-boot-test-autoconfigure-2.2.1.RELEASE.jar:/root/repositorio-maven-conf/com/jayway/jsonpath/json-path/2.4.0/json-path-2.4.0.jar:/root/repositorio-maven-conf/net/minidev/json-smart/2.3/json-smart-2.3.jar:/root/repositorio-maven-conf/net/minidev/accessors-smart/1.2/accessors-smart-1.2.jar:/root/repositorio-maven-conf/org/junit/jupiter/junit-jupiter/5.5.2/junit-jupiter-5.5.2.jar:/root/repositorio-maven-conf/org/junit/jupiter/junit-jupiter-api/5.5.2/junit-jupiter-api-5.5.2.jar:/root/repositorio-maven-conf/org/apiguardian/apiguardian-api/1.1.0/apiguardian-api-1.1.0.jar:/root/repositorio-maven-conf/org/opentest4j/opentest4j/1.2.0/opentest4j-1.2.0.jar:/root/repositorio-maven-conf/org/junit/platform/junit-platform-commons/1.5.2/junit-platform-commons-1.5.2.jar:/root/repositorio-maven-conf/org/junit/jupiter/junit-jupiter-params/5.5.2/junit-jupiter-params-5.5.2.jar:/root/repositorio-maven-conf/org/junit/jupiter/junit-jupiter-engine/5.5.2/junit-jupiter-engine-5.5.2.jar:/root/repositorio-maven-conf/org/junit/platform/junit-platform-engine/1.5.2/junit-platform-engine-1.5.2.jar:/root/repositorio-maven-conf/org/mockito/mockito-junit-jupiter/3.1.0/mockito-junit-jupiter-3.1.0.jar:/root/repositorio-maven-conf/org/assertj/assertj-core/3.13.2/assertj-core-3.13.2.jar:/root/repositorio-maven-conf/org/hamcrest/hamcrest/2.1/hamcrest-2.1.jar:/root/repositorio-maven-conf/org/mockito/mockito-core/3.1.0/mockito-core-3.1.0.jar:/root/repositorio-maven-conf/net/bytebuddy/byte-buddy-agent/1.10.2/byte-buddy-agent-1.10.2.jar:/root/repositorio-maven-conf/org/objenesis/objenesis/2.6/objenesis-2.6.jar:/root/repositorio-maven-conf/org/skyscreamer/jsonassert/1.5.0/jsonassert-1.5.0.jar:/root/repositorio-maven-conf/com/vaadin/external/google/android-json/0.0.20131108.vaadin1/android-json-0.0.20131108.vaadin1.jar:/root/repositorio-maven-conf/org/springframework/spring-core/5.2.1.RELEASE/spring-core-5.2.1.RELEASE.jar:/root/repositorio-maven-conf/org/springframework/spring-jcl/5.2.1.RELEASE/spring-jcl-5.2.1.RELEASE.jar:/root/repositorio-maven-conf/org/springframework/spring-test/5.2.1.RELEASE/spring-test-5.2.1.RELEASE.jar:/root/repositorio-maven-conf/org/xmlunit/xmlunit-core/2.6.3/xmlunit-core-2.6.3.jar:"/>
    <property name="java.vm.vendor" value="Ubuntu"/>
    <property name="sun.arch.data.model" value="64"/>
    <property name="java.vendor.url" value="https://ubuntu.com/"/>
    <property name="user.timezone" value=""/>
    <property name="java.vm.specification.version" value="11"/>
    <property name="os.name" value="Linux"/>
    <property name="sun.java.launcher" value="SUN_STANDARD"/>
    <property name="user.country" value="BR"/>
    <property name="sun.boot.library.path" value="/usr/lib/jvm/java-11-openjdk-amd64/lib"/>
    <property name="sun.java.command" value="/media/basis/D/Projetos/Spring-boot-APIREST/target/surefire/surefirebooter4669548877531352781.jar /media/basis/D/Projetos/Spring-boot-APIREST/target/surefire 2021-06-22T07-53-12_704-jvmRun1 surefire16799844064093725875tmp surefire_0651809847738028227tmp"/>
    <property name="jdk.debug" value="release"/>
    <property name="surefire.test.class.path" value="/media/basis/D/Projetos/Spring-boot-APIREST/target/test-classes:/media/basis/D/Projetos/Spring-boot-APIREST/target/classes:/root/repositorio-maven-conf/org/springframework/boot/spring-boot-starter-data-jpa/2.2.1.RELEASE/spring-boot-starter-data-jpa-2.2.1.RELEASE.jar:/root/repositorio-maven-conf/org/springframework/boot/spring-boot-starter-aop/2.2.1.RELEASE/spring-boot-starter-aop-2.2.1.RELEASE.jar:/root/repositorio-maven-conf/org/springframework/spring-aop/5.2.1.RELEASE/spring-aop-5.2.1.RELEASE.jar:/root/repositorio-maven-conf/org/aspectj/aspectjweaver/1.9.4/aspectjweaver-1.9.4.jar:/root/repositorio-maven-conf/org/springframework/boot/spring-boot-starter-jdbc/2.2.1.RELEASE/spring-boot-starter-jdbc-2.2.1.RELEASE.jar:/root/repositorio-maven-conf/com/zaxxer/HikariCP/3.4.1/HikariCP-3.4.1.jar:/root/repositorio-maven-conf/org/springframework/spring-jdbc/5.2.1.RELEASE/spring-jdbc-5.2.1.RELEASE.jar:/root/repositorio-maven-conf/jakarta/activation/jakarta.activation-api/1.2.1/jakarta.activation-api-1.2.1.jar:/root/repositorio-maven-conf/jakarta/persistence/jakarta.persistence-api/2.2.3/jakarta.persistence-api-2.2.3.jar:/root/repositorio-maven-conf/jakarta/transaction/jakarta.transaction-api/1.3.3/jakarta.transaction-api-1.3.3.jar:/root/repositorio-maven-conf/org/hibernate/hibernate-core/5.4.8.Final/hibernate-core-5.4.8.Final.jar:/root/repositorio-maven-conf/org/jboss/logging/jboss-logging/3.4.1.Final/jboss-logging-3.4.1.Final.jar:/root/repositorio-maven-conf/org/javassist/javassist/3.24.0-GA/javassist-3.24.0-GA.jar:/root/repositorio-maven-conf/net/bytebuddy/byte-buddy/1.10.2/byte-buddy-1.10.2.jar:/root/repositorio-maven-conf/antlr/antlr/2.7.7/antlr-2.7.7.jar:/root/repositorio-maven-conf/org/jboss/jandex/2.0.5.Final/jandex-2.0.5.Final.jar:/root/repositorio-maven-conf/com/fasterxml/classmate/1.5.1/classmate-1.5.1.jar:/root/repositorio-maven-conf/org/dom4j/dom4j/2.1.1/dom4j-2.1.1.jar:/root/repositorio-maven-conf/org/hibernate/common/hibernate-commons-annotations/5.1.0.Final/hibernate-commons-annotations-5.1.0.Final.jar:/root/repositorio-maven-conf/org/glassfish/jaxb/jaxb-runtime/2.3.2/jaxb-runtime-2.3.2.jar:/root/repositorio-maven-conf/org/glassfish/jaxb/txw2/2.3.2/txw2-2.3.2.jar:/root/repositorio-maven-conf/com/sun/istack/istack-commons-runtime/3.0.8/istack-commons-runtime-3.0.8.jar:/root/repositorio-maven-conf/org/jvnet/staxex/stax-ex/1.8.1/stax-ex-1.8.1.jar:/root/repositorio-maven-conf/com/sun/xml/fastinfoset/FastInfoset/1.2.16/FastInfoset-1.2.16.jar:/root/repositorio-maven-conf/org/springframework/data/spring-data-jpa/2.2.1.RELEASE/spring-data-jpa-2.2.1.RELEASE.jar:/root/repositorio-maven-conf/org/springframework/data/spring-data-commons/2.2.1.RELEASE/spring-data-commons-2.2.1.RELEASE.jar:/root/repositorio-maven-conf/org/springframework/spring-orm/5.2.1.RELEASE/spring-orm-5.2.1.RELEASE.jar:/root/repositorio-maven-conf/org/springframework/spring-context/5.2.1.RELEASE/spring-context-5.2.1.RELEASE.jar:/root/repositorio-maven-conf/org/springframework/spring-tx/5.2.1.RELEASE/spring-tx-5.2.1.RELEASE.jar:/root/repositorio-maven-conf/org/springframework/spring-beans/5.2.1.RELEASE/spring-beans-5.2.1.RELEASE.jar:/root/repositorio-maven-conf/org/slf4j/slf4j-api/1.7.29/slf4j-api-1.7.29.jar:/root/repositorio-maven-conf/org/springframework/spring-aspects/5.2.1.RELEASE/spring-aspects-5.2.1.RELEASE.jar:/root/repositorio-maven-conf/org/springframework/boot/spring-boot-starter-jersey/2.2.1.RELEASE/spring-boot-starter-jersey-2.2.1.RELEASE.jar:/root/repositorio-maven-conf/org/springframework/boot/spring-boot-starter-json/2.2.1.RELEASE/spring-boot-starter-json-2.2.1.RELEASE.jar:/root/repositorio-maven-conf/com/fasterxml/jackson/core/jackson-databind/2.10.0/jackson-databind-2.10.0.jar:/root/repositorio-maven-conf/com/fasterxml/jackson/core/jackson-core/2.10.0/jackson-core-2.10.0.jar:/root/repositorio-maven-conf/com/fasterxml/jackson/datatype/jackson-datatype-jdk8/2.10.0/jackson-datatype-jdk8-2.10.0.jar:/root/repositorio-maven-conf/com/fasterxml/jackson/datatype/jackson-datatype-jsr310/2.10.0/jackson-datatype-jsr310-2.10.0.jar:/root/repositorio-maven-conf/com/fasterxml/jackson/module/jackson-module-parameter-names/2.10.0/jackson-module-parameter-names-2.10.0.jar:/root/repositorio-maven-conf/org/springframework/boot/spring-boot-starter-tomcat/2.2.1.RELEASE/spring-boot-starter-tomcat-2.2.1.RELEASE.jar:/root/repositorio-maven-conf/org/apache/tomcat/embed/tomcat-embed-core/9.0.27/tomcat-embed-core-9.0.27.jar:/root/repositorio-maven-conf/org/apache/tomcat/embed/tomcat-embed-el/9.0.27/tomcat-embed-el-9.0.27.jar:/root/repositorio-maven-conf/org/apache/tomcat/embed/tomcat-embed-websocket/9.0.27/tomcat-embed-websocket-9.0.27.jar:/root/repositorio-maven-conf/org/springframework/boot/spring-boot-starter-validation/2.2.1.RELEASE/spring-boot-starter-validation-2.2.1.RELEASE.jar:/root/repositorio-maven-conf/jakarta/validation/jakarta.validation-api/2.0.1/jakarta.validation-api-2.0.1.jar:/root/repositorio-maven-conf/org/hibernate/validator/hibernate-validator/6.0.18.Final/hibernate-validator-6.0.18.Final.jar:/root/repositorio-maven-conf/jakarta/annotation/jakarta.annotation-api/1.3.5/jakarta.annotation-api-1.3.5.jar:/root/repositorio-maven-conf/jakarta/ws/rs/jakarta.ws.rs-api/2.1.6/jakarta.ws.rs-api-2.1.6.jar:/root/repositorio-maven-conf/org/springframework/spring-web/5.2.1.RELEASE/spring-web-5.2.1.RELEASE.jar:/root/repositorio-maven-conf/org/glassfish/jersey/core/jersey-server/2.29.1/jersey-server-2.29.1.jar:/root/repositorio-maven-conf/org/glassfish/jersey/core/jersey-common/2.29.1/jersey-common-2.29.1.jar:/root/repositorio-maven-conf/org/glassfish/hk2/osgi-resource-locator/1.0.3/osgi-resource-locator-1.0.3.jar:/root/repositorio-maven-conf/com/sun/activation/jakarta.activation/1.2.1/jakarta.activation-1.2.1.jar:/root/repositorio-maven-conf/org/glassfish/jersey/core/jersey-client/2.29.1/jersey-client-2.29.1.jar:/root/repositorio-maven-conf/org/glassfish/jersey/media/jersey-media-jaxb/2.29.1/jersey-media-jaxb-2.29.1.jar:/root/repositorio-maven-conf/org/glassfish/hk2/external/jakarta.inject/2.6.1/jakarta.inject-2.6.1.jar:/root/repositorio-maven-conf/org/glassfish/jersey/containers/jersey-container-servlet-core/2.29.1/jersey-container-servlet-core-2.29.1.jar:/root/repositorio-maven-conf/org/glassfish/jersey/containers/jersey-container-servlet/2.29.1/jersey-container-servlet-2.29.1.jar:/root/repositorio-maven-conf/org/glassfish/jersey/ext/jersey-bean-validation/2.29.1/jersey-bean-validation-2.29.1.jar:/root/repositorio-maven-conf/org/glassfish/jersey/ext/jersey-spring5/2.29.1/jersey-spring5-2.29.1.jar:/root/repositorio-maven-conf/org/glassfish/jersey/inject/jersey-hk2/2.29.1/jersey-hk2-2.29.1.jar:/root/repositorio-maven-conf/org/glassfish/hk2/hk2-locator/2.6.1/hk2-locator-2.6.1.jar:/root/repositorio-maven-conf/org/glassfish/hk2/external/aopalliance-repackaged/2.6.1/aopalliance-repackaged-2.6.1.jar:/root/repositorio-maven-conf/org/glassfish/hk2/hk2/2.6.1/hk2-2.6.1.jar:/root/repositorio-maven-conf/org/glassfish/hk2/hk2-utils/2.6.1/hk2-utils-2.6.1.jar:/root/repositorio-maven-conf/org/glassfish/hk2/hk2-api/2.6.1/hk2-api-2.6.1.jar:/root/repositorio-maven-conf/org/glassfish/hk2/hk2-core/2.6.1/hk2-core-2.6.1.jar:/root/repositorio-maven-conf/org/glassfish/hk2/hk2-runlevel/2.6.1/hk2-runlevel-2.6.1.jar:/root/repositorio-maven-conf/org/glassfish/hk2/class-model/2.6.1/class-model-2.6.1.jar:/root/repositorio-maven-conf/org/ow2/asm/asm/7.1/asm-7.1.jar:/root/repositorio-maven-conf/org/ow2/asm/asm-analysis/7.1/asm-analysis-7.1.jar:/root/repositorio-maven-conf/org/ow2/asm/asm-commons/7.1/asm-commons-7.1.jar:/root/repositorio-maven-conf/org/ow2/asm/asm-tree/7.1/asm-tree-7.1.jar:/root/repositorio-maven-conf/org/ow2/asm/asm-util/7.1/asm-util-7.1.jar:/root/repositorio-maven-conf/org/glassfish/hk2/spring-bridge/2.6.1/spring-bridge-2.6.1.jar:/root/repositorio-maven-conf/org/glassfish/jersey/media/jersey-media-json-jackson/2.29.1/jersey-media-json-jackson-2.29.1.jar:/root/repositorio-maven-conf/org/glassfish/jersey/ext/jersey-entity-filtering/2.29.1/jersey-entity-filtering-2.29.1.jar:/root/repositorio-maven-conf/com/fasterxml/jackson/core/jackson-annotations/2.10.0/jackson-annotations-2.10.0.jar:/root/repositorio-maven-conf/com/fasterxml/jackson/module/jackson-module-jaxb-annotations/2.10.0/jackson-module-jaxb-annotations-2.10.0.jar:/root/repositorio-maven-conf/jakarta/xml/bind/jakarta.xml.bind-api/2.3.2/jakarta.xml.bind-api-2.3.2.jar:/root/repositorio-maven-conf/org/springframework/boot/spring-boot-starter-web/2.2.1.RELEASE/spring-boot-starter-web-2.2.1.RELEASE.jar:/root/repositorio-maven-conf/org/springframework/boot/spring-boot-starter/2.2.1.RELEASE/spring-boot-starter-2.2.1.RELEASE.jar:/root/repositorio-maven-conf/org/springframework/boot/spring-boot/2.2.1.RELEASE/spring-boot-2.2.1.RELEASE.jar:/root/repositorio-maven-conf/org/springframework/boot/spring-boot-autoconfigure/2.2.1.RELEASE/spring-boot-autoconfigure-2.2.1.RELEASE.jar:/root/repositorio-maven-conf/org/springframework/boot/spring-boot-starter-logging/2.2.1.RELEASE/spring-boot-starter-logging-2.2.1.RELEASE.jar:/root/repositorio-maven-conf/ch/qos/logback/logback-classic/1.2.3/logback-classic-1.2.3.jar:/root/repositorio-maven-conf/ch/qos/logback/logback-core/1.2.3/logback-core-1.2.3.jar:/root/repositorio-maven-conf/org/apache/logging/log4j/log4j-to-slf4j/2.12.1/log4j-to-slf4j-2.12.1.jar:/root/repositorio-maven-conf/org/apache/logging/log4j/log4j-api/2.12.1/log4j-api-2.12.1.jar:/root/repositorio-maven-conf/org/slf4j/jul-to-slf4j/1.7.29/jul-to-slf4j-1.7.29.jar:/root/repositorio-maven-conf/org/yaml/snakeyaml/1.25/snakeyaml-1.25.jar:/root/repositorio-maven-conf/org/springframework/spring-webmvc/5.2.1.RELEASE/spring-webmvc-5.2.1.RELEASE.jar:/root/repositorio-maven-conf/org/springframework/spring-expression/5.2.1.RELEASE/spring-expression-5.2.1.RELEASE.jar:/root/repositorio-maven-conf/mysql/mysql-connector-java/8.0.18/mysql-connector-java-8.0.18.jar:/root/repositorio-maven-conf/org/springframework/boot/spring-boot-starter-test/2.2.1.RELEASE/spring-boot-starter-test-2.2.1.RELEASE.jar:/root/repositorio-maven-conf/org/springframework/boot/spring-boot-test/2.2.1.RELEASE/spring-boot-test-2.2.1.RELEASE.jar:/root/repositorio-maven-conf/org/springframework/boot/spring-boot-test-autoconfigure/2.2.1.RELEASE/spring-boot-test-autoconfigure-2.2.1.RELEASE.jar:/root/repositorio-maven-conf/com/jayway/jsonpath/json-path/2.4.0/json-path-2.4.0.jar:/root/repositorio-maven-conf/net/minidev/json-smart/2.3/json-smart-2.3.jar:/root/repositorio-maven-conf/net/minidev/accessors-smart/1.2/accessors-smart-1.2.jar:/root/repositorio-maven-conf/org/junit/jupiter/junit-jupiter/5.5.2/junit-jupiter-5.5.2.jar:/root/repositorio-maven-conf/org/junit/jupiter/junit-jupiter-api/5.5.2/junit-jupiter-api-5.5.2.jar:/root/repositorio-maven-conf/org/apiguardian/apiguardian-api/1.1.0/apiguardian-api-1.1.0.jar:/root/repositorio-maven-conf/org/opentest4j/opentest4j/1.2.0/opentest4j-1.2.0.jar:/root/repositorio-maven-conf/org/junit/platform/junit-platform-commons/1.5.2/junit-platform-commons-1.5.2.jar:/root/repositorio-maven-conf/org/junit/jupiter/junit-jupiter-params/5.5.2/junit-jupiter-params-5.5.2.jar:/root/repositorio-maven-conf/org/junit/jupiter/junit-jupiter-engine/5.5.2/junit-jupiter-engine-5.5.2.jar:/root/repositorio-maven-conf/org/junit/platform/junit-platform-engine/1.5.2/junit-platform-engine-1.5.2.jar:/root/repositorio-maven-conf/org/mockito/mockito-junit-jupiter/3.1.0/mockito-junit-jupiter-3.1.0.jar:/root/repositorio-maven-conf/org/assertj/assertj-core/3.13.2/assertj-core-3.13.2.jar:/root/repositorio-maven-conf/org/hamcrest/hamcrest/2.1/hamcrest-2.1.jar:/root/repositorio-maven-conf/org/mockito/mockito-core/3.1.0/mockito-core-3.1.0.jar:/root/repositorio-maven-conf/net/bytebuddy/byte-buddy-agent/1.10.2/byte-buddy-agent-1.10.2.jar:/root/repositorio-maven-conf/org/objenesis/objenesis/2.6/objenesis-2.6.jar:/root/repositorio-maven-conf/org/skyscreamer/jsonassert/1.5.0/jsonassert-1.5.0.jar:/root/repositorio-maven-conf/com/vaadin/external/google/android-json/0.0.20131108.vaadin1/android-json-0.0.20131108.vaadin1.jar:/root/repositorio-maven-conf/org/springframework/spring-core/5.2.1.RELEASE/spring-core-5.2.1.RELEASE.jar:/root/repositorio-maven-conf/org/springframework/spring-jcl/5.2.1.RELEASE/spring-jcl-5.2.1.RELEASE.jar:/root/repositorio-maven-conf/org/springframework/spring-test/5.2.1.RELEASE/spring-test-5.2.1.RELEASE.jar:/root/repositorio-maven-conf/org/xmlunit/xmlunit-core/2.6.3/xmlunit-core-2.6.3.jar:"/>
    <property name="sun.cpu.endian" value="little"/>
    <property name="user.home" value="/root"/>
    <property name="user.language" value="pt"/>
    <property name="java.specification.vendor" value="Oracle Corporation"/>
    <property name="java.version.date" value="2021-04-20"/>
    <property name="java.home" value="/usr/lib/jvm/java-11-openjdk-amd64"/>
    <property name="file.separator" value="/"/>
    <property name="basedir" value="/media/basis/D/Projetos/Spring-boot-APIREST"/>
    <property name="java.vm.compressedOopsMode" value="Zero based"/>
    <property name="line.separator" value="&#10;"/>
    <property name="java.specification.name" value="Java Platform API Specification"/>
    <property name="java.vm.specification.vendor" value="Oracle Corporation"/>
    <property name="java.awt.graphicsenv" value="sun.awt.X11GraphicsEnvironment"/>
    <property name="surefire.real.class.path" value="/media/basis/D/Projetos/Spring-boot-APIREST/target/surefire/surefirebooter4669548877531352781.jar"/>
    <property name="sun.management.compiler" value="HotSpot 64-Bit Tiered Compilers"/>
    <property name="java.runtime.version" value="11.0.11+9-Ubuntu-0ubuntu2.18.04"/>
    <property name="user.name" value="root"/>
    <property name="path.separator" value=":"/>
    <property name="os.version" value="5.4.0-74-generic"/>
    <property name="java.runtime.name" value="OpenJDK Runtime Environment"/>
    <property name="file.encoding" value="UTF-8"/>
    <property name="java.vm.name" value="OpenJDK 64-Bit Server VM"/>
    <property name="localRepository" value="/root/repositorio-maven-conf"/>
    <property name="java.vendor.url.bug" value="https://bugs.launchpad.net/ubuntu/+source/openjdk-lts"/>
    <property name="java.io.tmpdir" value="/tmp"/>
    <property name="java.version" value="11.0.11"/>
    <property name="user.dir" value="/media/basis/D/Projetos/Spring-boot-APIREST"/>
    <property name="os.arch" value="amd64"/>
    <property name="java.vm.specification.name" value="Java Virtual Machine Specification"/>
    <property name="java.awt.printerjob" value="sun.print.PSPrinterJob"/>
    <property name="sun.os.patch.level" value="unknown"/>
    <property name="java.library.path" value="/usr/java/packages/lib:/usr/lib/x86_64-linux-gnu/jni:/lib/x86_64-linux-gnu:/usr/lib/x86_64-linux-gnu:/usr/lib/jni:/lib:/usr/lib"/>
    <property name="java.vm.info" value="mixed mode, sharing"/>
    <property name="java.vendor" value="Ubuntu"/>
    <property name="java.vm.version" value="11.0.11+9-Ubuntu-0ubuntu2.18.04"/>
    <property name="sun.io.unicode.encoding" value="UnicodeLittle"/>
    <property name="java.class.version" value="55.0"/>
  </properties>
  <testcase name="contextLoads" classname="com.example.springbootapirest.SpringBootApirestApplicationTests" time="0.082"/>
</testsuite>